[*] GOAL: Improve.
[*] MEMORY HIT: Using best historical sequence for default
[*] INITIAL PLAN: 1 actions (Intent: 40b38cac...)
[*] DISPATCHING: echo 'memory_test' > memory.txt (via Queue)
[*] AUTO: Agent 98d9b3c8 buying network_scan for 75.0 CR
[*] AUTO: Agent cf5e6a52 buying network_scan for 75.0 CR
[*] AUTO: Agent 941ab07b buying system_audit for 50.0 CR
[*] AUTO: Agent 0b7d1f00 buying network_scan for 75.0 CR
[*] AUTO: Agent b635b98c buying system_audit for 50.0 CR
[*] AUTO: Agent 98d9b3c8 buying network_scan for 75.0 CR
[*] AUTO: Agent 50d9e0fb buying network_scan for 75.0 CR
[*] AUTO: Agent b7e39e44 buying network_scan for 75.0 CR
[*] AUTO: Agent cf5e6a52 buying network_scan for 75.0 CR
[*] AUTO: Agent 90b0e1d1 buying system_audit for 50.0 CR
[*] AUTO: Agent 941ab07b buying system_audit for 50.0 CR
[*] AUTO: Agent 98d9b3c8 buying network_scan for 75.0 CR
[*] AUTO: Agent be7a80ae buying network_scan for 75.0 CR
[*] AUTO: Agent fa631c97 buying system_audit for 50.0 CR
[*] AUTO: Agent afded186 buying network_scan for 75.0 CR
[*] AUTO: Agent cf5e6a52 buying system_audit for 50.0 CR
[*] AUTO: Agent 3368af9e buying system_audit for 50.0 CR
[*] AUTO: Agent 583e29a6 buying system_audit for 50.0 CR
[*] AUTO: Agent fa631c97 buying system_audit for 50.0 CR
[*] AUTO: Agent 941ab07b buying network_scan for 75.0 CR
[*] AUTO: Agent 0b7d1f00 buying system_audit for 50.0 CR
[*] AUTO: Agent prime buying network_scan for 75.0 CR
[*] AUTO: Agent 78423a72 buying network_scan for 75.0 CR
[*] AUTO: Agent b635b98c buying network_scan for 75.0 CR
[*] AUTO: Agent cf5e6a52 buying network_scan for 75.0 CR
[*] AUTO: Agent be7a80ae buying network_scan for 75.0 CR
[*] AUTO: Agent 35b3aa3d buying network_scan for 75.0 CR
[*] AUTO: Agent b7e39e44 buying network_scan for 75.0 CR
[*] AUTO: Agent 384e82e6 buying KERNEL_PATCH_510 for 15.481557655863124 CR
[*] COMPLETED: echo 'memory_test' > memory.txt (Code: 0)
