[*] Starting Autonomous Loop for trace sovereign_prime_005
[*] Autonomous Cycle: OBSERVING (Cycle: 1)
[*] Initializing New Trace: sovereign_prime_005
  [*] NO DRIFT. SYSTEM HEALTHY.
  [*] SOVEREIGN: Generated 1 goals.
  [*] SOVEREIGN: Executing Autonomous Goal: verify_system_integrity (SYSTEM_IDLE)
[*] SWARM: Spawned agent 98d9b3c8 (speed_demon)
[*] SWARM: Spawned agent 941ab07b (conservative_guard)
[*] SWARM: Spawned agent 857730ed (balanced_worker)
    [*] SWARM: Dispatching Agent 98d9b3c8 (speed_demon) on trace sovereign_prime_005_agent_98d9b3c8
[*] GOAL: verify_system_integrity
[*] MEMORY HIT: Using best historical sequence for default
[*] INITIAL PLAN: 1 actions (Intent: 612f855f...)
[*] DISPATCHING: echo 'memory_test' > memory.txt (via Local)
[*] COMPLETED: echo 'memory_test' > memory.txt (Code: 0)
[*] GOAL COMPLETE: Success Rate: 100.0%
    [*] SWARM: Dispatching Agent 941ab07b (conservative_guard) on trace sovereign_prime_005_agent_941ab07b
[*] GOAL: verify_system_integrity
[*] MEMORY HIT: Using best historical sequence for default
[*] INITIAL PLAN: 1 actions (Intent: 53a0caf2...)
[*] DISPATCHING: echo 'memory_test' > memory.txt (via Local)
[*] COMPLETED: echo 'memory_test' > memory.txt (Code: 0)
[*] GOAL COMPLETE: Success Rate: 100.0%
    [*] SWARM: Dispatching Agent 857730ed (balanced_worker) on trace sovereign_prime_005_agent_857730ed
[*] GOAL: verify_system_integrity
[*] MEMORY HIT: Using best historical sequence for default
[*] INITIAL PLAN: 1 actions (Intent: c65a3b45...)
[*] DISPATCHING: echo 'memory_test' > memory.txt (via Local)
[*] COMPLETED: echo 'memory_test' > memory.txt (Code: 0)
[*] GOAL COMPLETE: Success Rate: 100.0%
[*] ROUTER: Merging Agent Trace sovereign_prime_005_agent_98d9b3c8 into Master.
    [*] SWARM: Winner selected: Agent 98d9b3c8 (Success: 100.0%)
[*] EVOLUTION: Rewarding high-performer 98d9b3c8
[*] Autonomous Cycle: OBSERVING (Cycle: 2)
  [*] NO DRIFT. SYSTEM HEALTHY.
  [*] SOVEREIGN: Generated 1 goals.
  [*] SOVEREIGN: Executing Autonomous Goal: verify_system_integrity (SYSTEM_IDLE)
[*] SWARM: Spawned agent 50d9e0fb (speed_demon)
[*] SWARM: Spawned agent 90b0e1d1 (conservative_guard)
[*] SWARM: Spawned agent 35b3aa3d (balanced_worker)
    [*] SWARM: Dispatching Agent 50d9e0fb (speed_demon) on trace sovereign_prime_005_agent_50d9e0fb
[*] GOAL: verify_system_integrity
[*] MEMORY HIT: Using best historical sequence for default
[*] INITIAL PLAN: 1 actions (Intent: 744295f3...)
[*] DISPATCHING: echo 'memory_test' > memory.txt (via Local)
[*] COMPLETED: echo 'memory_test' > memory.txt (Code: 0)
[*] GOAL COMPLETE: Success Rate: 100.0%
    [*] SWARM: Dispatching Agent 90b0e1d1 (conservative_guard) on trace sovereign_prime_005_agent_90b0e1d1
[*] GOAL: verify_system_integrity
[*] MEMORY HIT: Using best historical sequence for default
[*] INITIAL PLAN: 1 actions (Intent: 9afd7656...)
[*] DISPATCHING: echo 'memory_test' > memory.txt (via Local)
[*] COMPLETED: echo 'memory_test' > memory.txt (Code: 0)
[*] GOAL COMPLETE: Success Rate: 100.0%
    [*] SWARM: Dispatching Agent 35b3aa3d (balanced_worker) on trace sovereign_prime_005_agent_35b3aa3d
[*] GOAL: verify_system_integrity
[*] MEMORY HIT: Using best historical sequence for default
[*] INITIAL PLAN: 1 actions (Intent: 32e62f4a...)
[*] DISPATCHING: echo 'memory_test' > memory.txt (via Local)
[*] COMPLETED: echo 'memory_test' > memory.txt (Code: 0)
[*] GOAL COMPLETE: Success Rate: 100.0%
[*] ROUTER: Merging Agent Trace sovereign_prime_005_agent_50d9e0fb into Master.
    [*] SWARM: Winner selected: Agent 50d9e0fb (Success: 100.0%)
[*] EVOLUTION: Rewarding high-performer 98d9b3c8
[*] Autonomous Cycle: OBSERVING (Cycle: 3)
  [*] NO DRIFT. SYSTEM HEALTHY.
  [*] SOVEREIGN: Generated 1 goals.
  [*] SOVEREIGN: Executing Autonomous Goal: verify_system_integrity (SYSTEM_IDLE)
[*] SWARM: Spawned agent c596f52e (speed_demon)
[*] SWARM: Spawned agent fa631c97 (conservative_guard)
[*] SWARM: Spawned agent b7e39e44 (balanced_worker)
    [*] SWARM: Dispatching Agent c596f52e (speed_demon) on trace sovereign_prime_005_agent_c596f52e
[*] GOAL: verify_system_integrity
[*] MEMORY HIT: Using best historical sequence for default
[*] INITIAL PLAN: 1 actions (Intent: cc2352e4...)
[*] DISPATCHING: echo 'memory_test' > memory.txt (via Local)
[*] COMPLETED: echo 'memory_test' > memory.txt (Code: 0)
[*] GOAL COMPLETE: Success Rate: 100.0%
    [*] SWARM: Dispatching Agent fa631c97 (conservative_guard) on trace sovereign_prime_005_agent_fa631c97
[*] GOAL: verify_system_integrity
[*] MEMORY HIT: Using best historical sequence for default
[*] INITIAL PLAN: 1 actions (Intent: fccc8c9e...)
[*] DISPATCHING: echo 'memory_test' > memory.txt (via Local)
[*] COMPLETED: echo 'memory_test' > memory.txt (Code: 0)
[*] GOAL COMPLETE: Success Rate: 100.0%
    [*] SWARM: Dispatching Agent b7e39e44 (balanced_worker) on trace sovereign_prime_005_agent_b7e39e44
[*] GOAL: verify_system_integrity
[*] MEMORY HIT: Using best historical sequence for default
[*] INITIAL PLAN: 1 actions (Intent: fac7cdf9...)
[*] DISPATCHING: echo 'memory_test' > memory.txt (via Local)
[*] COMPLETED: echo 'memory_test' > memory.txt (Code: 0)
[*] GOAL COMPLETE: Success Rate: 100.0%
[*] ROUTER: Merging Agent Trace sovereign_prime_005_agent_c596f52e into Master.
    [*] SWARM: Winner selected: Agent c596f52e (Success: 100.0%)
[*] EVOLUTION: Rewarding high-performer 98d9b3c8
[*] Autonomous Cycle: OBSERVING (Cycle: 4)
  [*] NO DRIFT. SYSTEM HEALTHY.
  [*] SOVEREIGN: Generated 1 goals.
  [*] SOVEREIGN: Executing Autonomous Goal: verify_system_integrity (SYSTEM_IDLE)
[*] SWARM: Spawned agent 3368af9e (speed_demon)
[*] SWARM: Spawned agent dd09e62b (conservative_guard)
[*] SWARM: Spawned agent cf5e6a52 (balanced_worker)
    [*] SWARM: Dispatching Agent 3368af9e (speed_demon) on trace sovereign_prime_005_agent_3368af9e
[*] GOAL: verify_system_integrity
[*] MEMORY HIT: Using best historical sequence for default
[*] INITIAL PLAN: 1 actions (Intent: b320a97a...)
[*] DISPATCHING: echo 'memory_test' > memory.txt (via Local)
[*] COMPLETED: echo 'memory_test' > memory.txt (Code: 0)
[*] GOAL COMPLETE: Success Rate: 100.0%
    [*] SWARM: Dispatching Agent dd09e62b (conservative_guard) on trace sovereign_prime_005_agent_dd09e62b
[*] GOAL: verify_system_integrity
[*] MEMORY HIT: Using best historical sequence for default
[*] INITIAL PLAN: 1 actions (Intent: 01f9839a...)
[*] DISPATCHING: echo 'memory_test' > memory.txt (via Local)
[*] COMPLETED: echo 'memory_test' > memory.txt (Code: 0)
[*] GOAL COMPLETE: Success Rate: 100.0%
    [*] SWARM: Dispatching Agent cf5e6a52 (balanced_worker) on trace sovereign_prime_005_agent_cf5e6a52
[*] GOAL: verify_system_integrity
[*] MEMORY HIT: Using best historical sequence for default
[*] INITIAL PLAN: 1 actions (Intent: d21a6d98...)
[*] DISPATCHING: echo 'memory_test' > memory.txt (via Local)
[*] COMPLETED: echo 'memory_test' > memory.txt (Code: 0)
[*] GOAL COMPLETE: Success Rate: 100.0%
[*] ROUTER: Merging Agent Trace sovereign_prime_005_agent_3368af9e into Master.
    [*] SWARM: Winner selected: Agent 3368af9e (Success: 100.0%)
[*] EVOLUTION: Rewarding high-performer 98d9b3c8
[*] Autonomous Cycle: OBSERVING (Cycle: 5)
  [*] NO DRIFT. SYSTEM HEALTHY.
  [*] META: Evaluating Architecture...
[*] META: Starting Experiment: increase_pattern_decay_rate for MEMORY
  [*] SOVEREIGN: Generated 1 goals.
  [*] SOVEREIGN: Executing Autonomous Goal: generate_complex_dag (IMPROVE_PLANNING_ACCURACY)
[*] SWARM: Spawned agent 0365471e (speed_demon)
[*] SWARM: Spawned agent 384e82e6 (conservative_guard)
[*] SWARM: Spawned agent 583e29a6 (balanced_worker)
    [*] SWARM: Dispatching Agent 0365471e (speed_demon) on trace sovereign_prime_005_agent_0365471e
[*] GOAL: generate_complex_dag
[*] MEMORY HIT: Using best historical sequence for default
[*] INITIAL PLAN: 1 actions (Intent: 7f929471...)
[*] DISPATCHING: echo 'memory_test' > memory.txt (via Local)
[*] COMPLETED: echo 'memory_test' > memory.txt (Code: 0)
[*] GOAL COMPLETE: Success Rate: 100.0%
    [*] SWARM: Dispatching Agent 384e82e6 (conservative_guard) on trace sovereign_prime_005_agent_384e82e6
[*] GOAL: generate_complex_dag
[*] MEMORY HIT: Using best historical sequence for default